\BOOKMARK [1][-]{section*.2}{\376\377\000N\000o\000t\000i\000c\000e}{}
\BOOKMARK [1][-]{section*.3}{\376\377\000R\000e\000p\000o\000s\000i\000t\000o\000r\000y}{}
\BOOKMARK [2][-]{section*.4}{\376\377\000C\000h\000e\000c\000k\000o\000u\000t\000\040\000P\000r\000o\000c\000e\000d\000u\000r\000e}{section*.3}
\BOOKMARK [3][-]{section*.5}{\376\377\000C\000h\000e\000c\000k\000i\000n\000g\000\040\000O\000u\000t\000\040\000T\000h\000e\000\040\000R\000e\000p\000o\000s\000i\000t\000o\000r\000y}{section*.4}
\BOOKMARK [3][-]{section*.6}{\376\377\000U\000p\000d\000a\000t\000i\000n\000g}{section*.4}
\BOOKMARK [3][-]{section*.7}{\376\377\000C\000o\000m\000m\000i\000t\000t\000i\000n\000g\000\040\000C\000h\000a\000n\000g\000e\000s}{section*.4}
\BOOKMARK [2][-]{section*.8}{\376\377\000A\000c\000c\000e\000s\000s\000\040\000C\000o\000n\000t\000r\000o\000l}{section*.3}
\BOOKMARK [3][-]{section*.9}{\376\377\000R\000e\000m\000o\000v\000i\000n\000g\000\040\000W\000r\000i\000t\000e\000\040\000A\000c\000c\000e\000s\000s\000\040\000F\000r\000o\000m\000\040\000A\000\040\000T\000e\000a\000m\000\040\000M\000e\000m\000b\000e\000r}{section*.8}
\BOOKMARK [3][-]{section*.10}{\376\377\000A\000d\000d\000i\000n\000g\000\040\000W\000r\000i\000t\000e\000\040\000A\000c\000c\000e\000s\000s\000\040\000F\000o\000r\000\040\000A\000\040\000T\000e\000a\000m\000\040\000M\000e\000m\000b\000e\000r}{section*.8}
\BOOKMARK [1][-]{section*.11}{\376\377\000D\000e\000v\000e\000l\000o\000p\000m\000e\000n\000t\000\040\000E\000n\000v\000i\000r\000o\000n\000m\000e\000n\000t}{}
\BOOKMARK [2][-]{section*.12}{\376\377\000S\000e\000t\000t\000i\000n\000g\000\040\000U\000p}{section*.11}
\BOOKMARK [3][-]{section*.13}{\376\377\000I\000n\000s\000t\000a\000l\000l\000i\000n\000g\000\040\000R\000V\000M}{section*.12}
\BOOKMARK [3][-]{section*.14}{\376\377\000S\000e\000t\000t\000i\000n\000g\000\040\000U\000p\000\040\000T\000h\000e\000\040\000E\000n\000v\000i\000r\000o\000n\000m\000e\000n\000t}{section*.12}
\BOOKMARK [3][-]{section*.15}{\376\377\000I\000n\000s\000t\000a\000l\000l\000i\000n\000g\000\040\000T\000h\000e\000\040\000E\000n\000g\000i\000n\000e\000\040\000Y\000a\000r\000d\000\040\000C\000L\000I}{section*.12}
\BOOKMARK [1][-]{section*.16}{\376\377\000H\000o\000s\000t\000i\000n\000g}{}
\BOOKMARK [2][-]{section*.17}{\376\377\000S\000e\000t\000t\000i\000n\000g\000\040\000U\000p}{section*.16}
\BOOKMARK [3][-]{section*.18}{\376\377\000A\000d\000d\000i\000n\000g\000\040\000Y\000o\000u\000r\000\040\000P\000u\000b\000l\000i\000c\000\040\000K\000e\000y\000\040\000T\000o\000\040\000E\000n\000g\000i\000n\000e\000\040\000Y\000a\000r\000d}{section*.17}
\BOOKMARK [2][-]{section*.19}{\376\377\000D\000e\000p\000l\000o\000y\000m\000e\000n\000t}{section*.16}
\BOOKMARK [3][-]{section*.20}{\376\377\000F\000i\000r\000s\000t\000\040\000S\000t\000e\000p\000s}{section*.19}
\BOOKMARK [3][-]{section*.21}{\376\377\000D\000e\000p\000l\000o\000y\000m\000e\000n\000t\000\040\000M\000e\000t\000h\000o\000d\000s}{section*.19}
\BOOKMARK [3][-]{section*.22}{\376\377\000M\000i\000g\000r\000a\000t\000i\000o\000n\000s}{section*.19}
